0 info it worked if it ends with ok
1 verbose cli [ 'C:\\Program Files\\nodejs\\node.exe',
1 verbose cli   'C:\\Users\\User\\AppData\\Roaming\\npm\\node_modules\\npm\\bin\\npm-cli.js',
1 verbose cli   'publish' ]
2 info using npm@3.10.7
3 info using node@v6.4.0
4 verbose publish [ '.' ]
5 silly cache add args [ '.', null ]
6 verbose cache add spec .
7 silly cache add parsed spec Result {
7 silly cache add   raw: '.',
7 silly cache add   scope: null,
7 silly cache add   escapedName: null,
7 silly cache add   name: null,
7 silly cache add   rawSpec: '.',
7 silly cache add   spec: 'C:\\Users\\User\\Desktop\\Formula',
7 silly cache add   type: 'directory' }
8 verbose addLocalDirectory C:\Users\User\AppData\Roaming\npm-cache\jquery-formula\2.0.4\package.tgz not in flight; packing
9 verbose correctMkdir C:\Users\User\AppData\Roaming\npm-cache correctMkdir not in flight; initializing
10 info lifecycle jquery-formula@2.0.4~prepublish: jquery-formula@2.0.4
11 silly lifecycle jquery-formula@2.0.4~prepublish: no script for prepublish, continuing
12 verbose tar pack [ 'C:\\Users\\User\\AppData\\Roaming\\npm-cache\\jquery-formula\\2.0.4\\package.tgz',
12 verbose tar pack   'C:\\Users\\User\\Desktop\\Formula' ]
13 verbose tarball C:\Users\User\AppData\Roaming\npm-cache\jquery-formula\2.0.4\package.tgz
14 verbose folder C:\Users\User\Desktop\Formula
15 verbose addLocalTarball adding from inside cache C:\Users\User\AppData\Roaming\npm-cache\jquery-formula\2.0.4\package.tgz
16 verbose correctMkdir C:\Users\User\AppData\Roaming\npm-cache correctMkdir not in flight; initializing
17 silly cache afterAdd jquery-formula@2.0.4
18 verbose afterAdd C:\Users\User\AppData\Roaming\npm-cache\jquery-formula\2.0.4\package\package.json not in flight; writing
19 verbose correctMkdir C:\Users\User\AppData\Roaming\npm-cache correctMkdir not in flight; initializing
20 verbose afterAdd C:\Users\User\AppData\Roaming\npm-cache\jquery-formula\2.0.4\package\package.json written
21 silly publish { name: 'jquery-formula',
21 silly publish   version: '2.0.4',
21 silly publish   description: 'Javscript WYSWYG formula builder.',
21 silly publish   main: 'index.html',
21 silly publish   dependencies: {},
21 silly publish   devDependencies:
21 silly publish    { 'grunt-contrib-csslint': '^1.0.0',
21 silly publish      'grunt-contrib-cssmin': '^1.0.1' },
21 silly publish   scripts: { test: 'echo "Error: no test specified" && exit 1' },
21 silly publish   repository:
21 silly publish    { type: 'git',
21 silly publish      url: 'git+https://github.com/KennethanCeyer/Formula.git' },
21 silly publish   keywords:
21 silly publish    [ 'plugin',
21 silly publish      'formula',
21 silly publish      'equasion',
21 silly publish      'math',
21 silly publish      'generator',
21 silly publish      'builder',
21 silly publish      'wyswyg',
21 silly publish      'jquery',
21 silly publish      'pignose' ],
21 silly publish   author: { name: 'PIGNOSE' },
21 silly publish   license: 'MIT',
21 silly publish   bugs: { url: 'https://github.com/KennethanCeyer/Formula/issues' },
21 silly publish   homepage: 'https://github.com/KennethanCeyer/Formula#readme',
21 silly publish   readme: '# Formula\r\nJavscript WYSWYG formula builder.\r\n\r\n[![npm version](https://badge.fury.io/js/jquery-formula.svg)](https://badge.fury.io/js/jquery-formula) [![Bower version](https://badge.fury.io/bo/jquery-formula.svg)](https://badge.fury.io/bo/jquery-formula) [![Join the chat at https://gitter.im/KennethanCeyer/PIGNOSE](https://badges.gitter.im/Join%20Chat.svg)](https://gitter.im/KennethanCeyer/PIGNOSE?utm_source=badge&utm_medium=badge&utm_campaign=pr-badge&utm_content=badge)\r\n\r\n----\r\n\r\n### Getting started\r\n\r\nThis plugin helps you to make formulas.\r\n\r\nIt\'s a stable version on IE8 higher and any most browsers.\r\n\r\n[Check demo page](http://www.pigno.se/barn/PIGNOSE-Formula)\r\n\r\n![Sample](http://www.nhpcw.com/upload/%25EB%258B%25A4%25EC%259A%25B4%25EB%25A1%259C%25EB%2593%259C%2B%25284%2529_032116101121.png)\r\n\r\nYou can customize UI\r\n\r\n![Designed sample](http://www.nhpcw.com/upload/%25EB%258B%25A4%25EC%259A%25B4%25EB%25A1%259C%25EB%2593%259C%2B%25282%2529_071916121936.png)\r\n\r\n----\r\n\r\n### Usage\r\n\r\nThis plugin has a dependency on jQuery library.\r\n\r\nSo first of all, you need to import formula css, js file (check src or dist folder in this repository) after jQuery imported.\r\n\r\nAnd try to write this snippet in your html file.\r\n\r\n```html\r\n<head>\r\n\t...\r\n\t<script type="text/javascript">\r\n\t\t$(function() {\r\n\t\t\tvar $formula = $(\'.formula\').formula();\r\n\t\t});\r\n\t</script>\r\n</head>\r\n<body>\r\n\t<div class="formula"></div>\r\n</body>\r\n```\r\n\r\n----\r\n\r\n#### Advanced usage\r\n\r\nIf you want get javascript object from the formula, you can call getFormula() method.\r\n\r\nCheck the sample below.\r\n\r\n```html\r\n<head>\r\n\t...\r\n\t<script type="text/javascript">\r\n\t\t$(function() {\r\n\t\t\tvar $formula = $(\'.formula\').formula();\r\n\t\t\t$formula.data(\'formula\').getFormula(); // Get formula as a string type.\r\n\t\t\t\r\n\t\t\t//=====================================\r\n\t\t\t\r\n\t\t\tvar $formulaCustom = $(\'.formula-custom\').formula({\r\n\t\t\t\tfilter: function(data) {\r\n\t\t\t\t// filter option is called when getFormula() method is called.\r\n\t\t\t\t// this option helps you to customize the formula data.\r\n\t\t\t\t// data parameter on this function are about formula (object type).\r\n\t\t\t\t\treturn data;\r\n\t\t\t\t}\r\n\t\t\t});\r\n\t\t\t\r\n\t\t\t// if filter option is used, getFormula() will return data as an object type. \r\n\t\t\tconsole.log($formulaCustom.data(\'formula\').getFormula());\r\n\t\t});\r\n\t</script>\r\n</head>\r\n<body>\r\n\t<div class="formula"></div>\r\n\t<div class="formula-custom"></div>\r\n</body>\r\n```\r\n\r\n----\r\n\r\n### Installation\r\n\r\n#### Zip file download\r\n\r\n[Latest zip file link](https://github.com/KennethanCeyer/Formula/archive/master.zip)\r\n\r\n#### Git\r\n\r\n```bash\r\ngit clone git@github.com:KennethanCeyer/Formula.git --recursive\r\n```\r\n\r\n#### Bower\r\n\r\n```bash\r\nbower install jquery-formula\r\n```\r\n\r\n#### NPM\r\n\r\n```bash\r\nnpm install jquery-formula\r\n```\r\n\r\n----\r\n\r\n### Notes\r\n\r\nThe purpose of this plugin is as follows. \r\n\r\n1. The textarea can be edited with HTML markup. \r\n2. It must support the validation check of formula expressions.\r\n3. The UI of numbers or other operators in formula should be cool and easy.\r\n\r\n----\r\n\r\n### Library\r\n\r\nThis project is related with https://github.com/KennethanCeyer/FormulaParser (built-in)\r\n\r\n----\r\n\r\n### Question\r\n\r\nIf you found something problem of this plugin, or you have some question.\r\n\r\nPlease send me a message to use either [gitter](https://gitter.im/KennethanCeyer/PIGNOSE) or [Github issue](https://github.com/KennethanCeyer/Formula/issues). (gitter url is on the top of the manual)\r\n',
21 silly publish   readmeFilename: 'README.md',
21 silly publish   gitHead: 'cb913e0458023a1475de4225674d87bf969123fe',
21 silly publish   _id: 'jquery-formula@2.0.4',
21 silly publish   _shasum: 'd33a65efb72ec57043bc947d1e7e64da2f316dfd',
21 silly publish   _from: '.' }
22 verbose getPublishConfig undefined
23 silly mapToRegistry name jquery-formula
24 silly mapToRegistry using default registry
25 silly mapToRegistry registry https://registry.npmjs.org/
26 silly mapToRegistry data Result {
26 silly mapToRegistry   raw: 'jquery-formula',
26 silly mapToRegistry   scope: null,
26 silly mapToRegistry   escapedName: 'jquery-formula',
26 silly mapToRegistry   name: 'jquery-formula',
26 silly mapToRegistry   rawSpec: '',
26 silly mapToRegistry   spec: 'latest',
26 silly mapToRegistry   type: 'tag' }
27 silly mapToRegistry uri https://registry.npmjs.org/jquery-formula
28 verbose publish registryBase https://registry.npmjs.org/
29 silly publish uploading C:\Users\User\AppData\Roaming\npm-cache\jquery-formula\2.0.4\package.tgz
30 verbose request uri https://registry.npmjs.org/jquery-formula
31 verbose request sending authorization for write operation
32 info attempt registry request try #1 at 16:04:56
33 verbose request using bearer token for auth
34 verbose request id bb0b92b3dac81b40
35 http request PUT https://registry.npmjs.org/jquery-formula
36 http 403 https://registry.npmjs.org/jquery-formula
37 verbose headers { 'content-type': 'application/json',
37 verbose headers   'cache-control': 'max-age=300',
37 verbose headers   'content-length': '95',
37 verbose headers   'accept-ranges': 'bytes',
37 verbose headers   date: 'Fri, 11 Nov 2016 07:04:57 GMT',
37 verbose headers   via: '1.1 varnish',
37 verbose headers   connection: 'keep-alive',
37 verbose headers   'x-served-by': 'cache-nrt6123-NRT',
37 verbose headers   'x-cache': 'MISS',
37 verbose headers   'x-cache-hits': '0',
37 verbose headers   'x-timer': 'S1478847896.248610,VS0,VE1360',
37 verbose headers   vary: 'Accept-Encoding' }
38 verbose request invalidating C:\Users\User\AppData\Roaming\npm-cache\registry.npmjs.org\jquery-formula on PUT
39 error publish Failed PUT 403
40 verbose stack Error: "You cannot publish over the previously published version 2.0.4." : jquery-formula
40 verbose stack     at makeError (C:\Users\User\AppData\Roaming\npm\node_modules\npm\node_modules\npm-registry-client\lib\request.js:264:12)
40 verbose stack     at CachingRegistryClient.<anonymous> (C:\Users\User\AppData\Roaming\npm\node_modules\npm\node_modules\npm-registry-client\lib\request.js:252:14)
40 verbose stack     at Request._callback (C:\Users\User\AppData\Roaming\npm\node_modules\npm\node_modules\npm-registry-client\lib\request.js:172:14)
40 verbose stack     at Request.self.callback (C:\Users\User\AppData\Roaming\npm\node_modules\npm\node_modules\request\request.js:187:22)
40 verbose stack     at emitTwo (events.js:106:13)
40 verbose stack     at Request.emit (events.js:191:7)
40 verbose stack     at Request.<anonymous> (C:\Users\User\AppData\Roaming\npm\node_modules\npm\node_modules\request\request.js:1044:10)
40 verbose stack     at emitOne (events.js:96:13)
40 verbose stack     at Request.emit (events.js:188:7)
40 verbose stack     at IncomingMessage.<anonymous> (C:\Users\User\AppData\Roaming\npm\node_modules\npm\node_modules\request\request.js:965:12)
41 verbose statusCode 403
42 verbose pkgid jquery-formula
43 verbose cwd C:\Users\User\Desktop\Formula
44 error Windows_NT 10.0.14393
45 error argv "C:\\Program Files\\nodejs\\node.exe" "C:\\Users\\User\\AppData\\Roaming\\npm\\node_modules\\npm\\bin\\npm-cli.js" "publish"
46 error node v6.4.0
47 error npm  v3.10.7
48 error code E403
49 error "You cannot publish over the previously published version 2.0.4." : jquery-formula
50 error If you need help, you may report this error at:
50 error     <https://github.com/npm/npm/issues>
51 verbose exit [ 1, true ]
